2025-10-12 01:33:33 INFO  TC001_Test_CD_Calculator_Page_Title:90 - -------------------- Launching Application ---------------------
2025-10-12 01:33:41 INFO  TC001_Test_CD_Calculator_Page_Title:12 - ***** Start : TC001_Test_CD_Calculator_Page_Title  ****
2025-10-12 01:33:41 INFO  TC001_Test_CD_Calculator_Page_Title:15 - Application Result -> CD Calculator | Certificate of Deposit Calculator | CIT Bank
2025-10-12 01:33:41 INFO  TC001_Test_CD_Calculator_Page_Title:16 - ***** End : TC001_Test_CD_Calculator_Page_Title  ****
2025-10-12 01:33:41 INFO  TC001_Test_CD_Calculator_Page_Title:102 - ------------------- Browser closed -------------------
2025-10-12 01:33:44 INFO  TC002_Test_CD_Calculator_Daily:90 - -------------------- Launching Application ---------------------
2025-10-12 01:33:53 INFO  TC002_Test_CD_Calculator_Daily:21 - ? Validation Passed - Expected = Actual = $68,469.55
2025-10-12 01:33:53 INFO  TC002_Test_CD_Calculator_Daily:102 - ------------------- Browser closed -------------------
2025-10-12 01:33:55 INFO  TC004_Test_CD_Calculator_Monthly:90 - -------------------- Launching Application ---------------------
2025-10-12 01:34:04 ERROR TC004_Test_CD_Calculator_Monthly:23 - ? Validation Failed - Expected: $68,401.7 | Actual: $68,401.71
2025-10-12 01:34:05 INFO  TC004_Test_CD_Calculator_Monthly:102 - ------------------- Browser closed -------------------
2025-10-12 01:34:07 INFO  TC006_Test_CD_Calculator_quarterly:90 - -------------------- Launching Application ---------------------
2025-10-12 01:34:16 INFO  TC006_Test_CD_Calculator_quarterly:20 - ? Validation Passed - Expected = Actual = $68,263.41
2025-10-12 01:34:16 INFO  TC006_Test_CD_Calculator_quarterly:102 - ------------------- Browser closed -------------------
2025-10-12 01:34:19 INFO  TC007_Test_CD_Calculator_halfYearly:90 - -------------------- Launching Application ---------------------
2025-10-12 01:34:27 INFO  TC007_Test_CD_Calculator_halfYearly:20 - ? Validation Passed - Expected = Actual = $68,332.23
2025-10-12 01:34:27 INFO  TC007_Test_CD_Calculator_halfYearly:102 - ------------------- Browser closed -------------------
2025-10-12 01:34:30 INFO  TC008_Test_CD_Calculator_yearly:90 - -------------------- Launching Application ---------------------
2025-10-12 01:34:37 INFO  TC008_Test_CD_Calculator_yearly:20 - ? Validation Passed - Expected = Actual = $67,672.41
2025-10-12 01:34:37 INFO  TC008_Test_CD_Calculator_yearly:102 - ------------------- Browser closed -------------------
2025-10-12 01:36:55 INFO  TC001_Test_CD_Calculator_Page_Title:90 - -------------------- Launching Application ---------------------
2025-10-12 01:36:59 INFO  TC001_Test_CD_Calculator_Page_Title:12 - ***** Start : TC001_Test_CD_Calculator_Page_Title  ****
2025-10-12 01:37:02 INFO  TC001_Test_CD_Calculator_Page_Title:15 - Application Result -> CD Calculator | Certificate of Deposit Calculator | CIT Bank
2025-10-12 01:37:02 INFO  TC001_Test_CD_Calculator_Page_Title:16 - ***** End : TC001_Test_CD_Calculator_Page_Title  ****
2025-10-12 01:37:02 INFO  TC001_Test_CD_Calculator_Page_Title:102 - ------------------- Browser closed -------------------
2025-10-12 01:37:05 INFO  TC002_Test_CD_Calculator_Daily:90 - -------------------- Launching Application ---------------------
2025-10-12 01:37:13 INFO  TC002_Test_CD_Calculator_Daily:21 - ? Validation Passed - Expected = Actual = $68,469.55
2025-10-12 01:37:13 INFO  TC002_Test_CD_Calculator_Daily:102 - ------------------- Browser closed -------------------
2025-10-12 01:37:15 INFO  TC004_Test_CD_Calculator_Monthly:90 - -------------------- Launching Application ---------------------
2025-10-12 01:37:24 ERROR TC004_Test_CD_Calculator_Monthly:23 - ? Validation Failed - Expected: $68,401.7 | Actual: $68,401.71
2025-10-12 01:37:24 INFO  TC004_Test_CD_Calculator_Monthly:102 - ------------------- Browser closed -------------------
2025-10-12 01:37:27 INFO  TC006_Test_CD_Calculator_quarterly:90 - -------------------- Launching Application ---------------------
2025-10-12 01:37:34 INFO  TC006_Test_CD_Calculator_quarterly:20 - ? Validation Passed - Expected = Actual = $68,263.41
2025-10-12 01:37:35 INFO  TC006_Test_CD_Calculator_quarterly:102 - ------------------- Browser closed -------------------
2025-10-12 01:37:37 INFO  TC007_Test_CD_Calculator_halfYearly:90 - -------------------- Launching Application ---------------------
2025-10-12 01:37:48 INFO  TC007_Test_CD_Calculator_halfYearly:20 - ? Validation Passed - Expected = Actual = $68,332.23
2025-10-12 01:37:49 INFO  TC007_Test_CD_Calculator_halfYearly:102 - ------------------- Browser closed -------------------
2025-10-12 01:37:51 INFO  TC008_Test_CD_Calculator_yearly:90 - -------------------- Launching Application ---------------------
2025-10-12 01:37:59 INFO  TC008_Test_CD_Calculator_yearly:20 - ? Validation Passed - Expected = Actual = $67,672.41
2025-10-12 01:37:59 INFO  TC008_Test_CD_Calculator_yearly:102 - ------------------- Browser closed -------------------
2025-10-12 01:52:36 INFO  TC001_Test_CD_Calculator_Page_Title:90 - -------------------- Launching Application ---------------------
2025-10-12 01:52:42 INFO  TC001_Test_CD_Calculator_Page_Title:12 - ***** Start : TC001_Test_CD_Calculator_Page_Title  ****
2025-10-12 01:52:42 INFO  TC001_Test_CD_Calculator_Page_Title:15 - Application Result -> CD Calculator | Certificate of Deposit Calculator | CIT Bank
2025-10-12 01:52:42 INFO  TC001_Test_CD_Calculator_Page_Title:16 - ***** End : TC001_Test_CD_Calculator_Page_Title  ****
2025-10-12 01:52:42 INFO  TC001_Test_CD_Calculator_Page_Title:102 - ------------------- Browser closed -------------------
2025-10-12 01:52:45 INFO  TC002_Test_CD_Calculator_Daily:90 - -------------------- Launching Application ---------------------
2025-10-12 01:52:54 INFO  TC002_Test_CD_Calculator_Daily:21 - ? Validation Passed - Expected = Actual = $68,469.55
2025-10-12 01:52:54 INFO  TC002_Test_CD_Calculator_Daily:102 - ------------------- Browser closed -------------------
2025-10-12 01:52:57 INFO  TC004_Test_CD_Calculator_Monthly:90 - -------------------- Launching Application ---------------------
2025-10-12 01:53:05 ERROR TC004_Test_CD_Calculator_Monthly:23 - ? Validation Failed - Expected: $68,401.7 | Actual: $68,401.71
2025-10-12 01:53:05 INFO  TC004_Test_CD_Calculator_Monthly:102 - ------------------- Browser closed -------------------
2025-10-12 01:53:08 INFO  TC006_Test_CD_Calculator_quarterly:90 - -------------------- Launching Application ---------------------
2025-10-12 01:53:18 INFO  TC006_Test_CD_Calculator_quarterly:20 - ? Validation Passed - Expected = Actual = $68,263.41
2025-10-12 01:53:18 INFO  TC006_Test_CD_Calculator_quarterly:102 - ------------------- Browser closed -------------------
2025-10-12 01:53:20 INFO  TC007_Test_CD_Calculator_halfYearly:90 - -------------------- Launching Application ---------------------
2025-10-12 01:53:29 INFO  TC007_Test_CD_Calculator_halfYearly:20 - ? Validation Passed - Expected = Actual = $68,332.23
2025-10-12 01:53:29 INFO  TC007_Test_CD_Calculator_halfYearly:102 - ------------------- Browser closed -------------------
2025-10-12 01:53:32 INFO  TC008_Test_CD_Calculator_yearly:90 - -------------------- Launching Application ---------------------
2025-10-12 01:53:40 INFO  TC008_Test_CD_Calculator_yearly:20 - ? Validation Passed - Expected = Actual = $67,672.41
2025-10-12 01:53:40 INFO  TC008_Test_CD_Calculator_yearly:102 - ------------------- Browser closed -------------------
